<?xml version="1.0" encoding="UTF-8"?>
<!-- Generated by org.testng.reporters.JUnitReportReporter -->
<testsuite hostname="DESKTOP-FKR8P39" failures="0" tests="1" name="com.pauseandshop.ecom.adminTest.CreateCategoryTest" time="36.893" errors="0" timestamp="2025-03-31T22:23:22 IST" skipped="0">
  <testcase classname="com.pauseandshop.ecom.adminTest.CreateCategoryTest" name="InsertProducttest" time="36.893"/>
</testsuite> <!-- com.pauseandshop.ecom.adminTest.CreateCategoryTest -->
