<?xml version="1.0" encoding="UTF-8"?>
<!-- Generated by org.testng.reporters.JUnitReportReporter -->
<testsuite hostname="DESKTOP-FKR8P39" failures="0" tests="1" name="systemTest.TrackOrderTest" time="41.200" errors="0" timestamp="2025-03-27T11:33:21 IST" skipped="0">
  <testcase classname="systemTest.TrackOrderTest" name="TrackOrderTest" time="41.200"/>
</testsuite> <!-- systemTest.TrackOrderTest -->
