<?xml version="1.0" encoding="UTF-8"?>
<!-- Generated by org.testng.reporters.JUnitReportReporter -->
<testsuite hostname="DESKTOP-FKR8P39" failures="0" tests="1" name="com.pauseandshop.ecom.userTest.AddWishlist" time="7.948" errors="0" timestamp="2025-03-31T22:31:29 IST" skipped="0">
  <testcase classname="com.pauseandshop.ecom.userTest.AddWishlist" name="AddProduct2Wishlisht" time="7.948"/>
</testsuite> <!-- com.pauseandshop.ecom.userTest.AddWishlist -->
