<?xml version="1.0" encoding="UTF-8"?>
<!-- Generated by org.testng.reporters.JUnitReportReporter -->
<testsuite hostname="DESKTOP-FKR8P39" failures="0" tests="1" name="systemTest.ManageLogTest" time="7.873" errors="0" timestamp="2025-03-27T12:05:43 IST" skipped="0">
  <testcase classname="systemTest.ManageLogTest" name="ManageLogTest" time="7.873"/>
</testsuite> <!-- systemTest.ManageLogTest -->
