<?xml version="1.0" encoding="UTF-8"?>
<!-- Generated by org.testng.reporters.JUnitReportReporter -->
<testsuite hostname="DESKTOP-FKR8P39" failures="0" tests="1" name="integrationTest.UpdateStatusTest" time="8.489" errors="0" timestamp="2025-03-28T11:20:33 IST" skipped="0">
  <testcase classname="integrationTest.UpdateStatusTest" name="UpdateStatusTest" time="8.489"/>
</testsuite> <!-- integrationTest.UpdateStatusTest -->
