<?xml version="1.0" encoding="UTF-8"?>
<!-- Generated by org.testng.reporters.JUnitReportReporter -->
<testsuite hostname="DESKTOP-FKR8P39" failures="0" tests="1" name="systemTest.InsertProductTest" time="37.192" errors="0" timestamp="2025-03-28T11:36:47 IST" skipped="0">
  <testcase classname="systemTest.InsertProductTest" name="InsertProduct" time="37.192"/>
</testsuite> <!-- systemTest.InsertProductTest -->
