<?xml version="1.0" encoding="UTF-8"?>
<!-- Generated by org.testng.reporters.JUnitReportReporter -->
<testsuite hostname="DESKTOP-FKR8P39" failures="0" tests="1" name="integrationTest.CreateCategoryTest" time="14.451" errors="0" timestamp="2025-03-28T10:17:01 IST" skipped="0">
  <testcase classname="integrationTest.CreateCategoryTest" name="createCategory" time="14.451"/>
</testsuite> <!-- integrationTest.CreateCategoryTest -->
