<?xml version="1.0" encoding="UTF-8"?>
<!-- Generated by org.testng.reporters.JUnitReportReporter -->
<testsuite hostname="DESKTOP-FKR8P39" failures="0" tests="1" name="com.pauseandshop.ecom.adminTest.CreateCategoryTest" time="23.467" errors="0" timestamp="2025-04-01T12:01:25 IST" skipped="0">
  <testcase classname="com.pauseandshop.ecom.adminTest.CreateCategoryTest" name="createCategory" time="23.467"/>
</testsuite> <!-- com.pauseandshop.ecom.adminTest.CreateCategoryTest -->
