<?xml version="1.0" encoding="UTF-8"?>
<!-- Generated by org.testng.reporters.JUnitReportReporter -->
<testsuite hostname="DESKTOP-FKR8P39" failures="0" tests="1" name="systemTest.AddWishlist" time="30.430" errors="0" timestamp="2025-03-28T15:10:35 IST" skipped="0">
  <testcase classname="systemTest.AddWishlist" name="AddProduct2Wishlisht" time="30.430"/>
</testsuite> <!-- systemTest.AddWishlist -->
