<?xml version="1.0" encoding="UTF-8"?>
<!-- Generated by org.testng.reporters.JUnitReportReporter -->
<testsuite hostname="DESKTOP-FKR8P39" failures="0" tests="1" name="integrationTest.CreateSubcategoryTest" time="21.101" errors="0" timestamp="2025-03-28T10:20:00 IST" skipped="0">
  <testcase classname="integrationTest.CreateSubcategoryTest" name="createSubcategory" time="21.101"/>
</testsuite> <!-- integrationTest.CreateSubcategoryTest -->
